<?xml version="1.0" encoding="UTF-8"?>
<coverage generated="1535462295977" clover="3.2.0">
  <project timestamp="1535462295977" name="All files">
    <metrics statements="14" coveredstatements="14" conditionals="9" coveredconditionals="7" methods="3" coveredmethods="3" elements="26" coveredelements="24" complexity="0" loc="14" ncloc="14" packages="2" files="2" classes="2">
      <package name="src">
        <metrics statements="1" coveredstatements="1" conditionals="0" coveredconditionals="0" methods="0" coveredmethods="0"/>
        <file name="setupTests.js" path="D:\Ression Class\React-TDD\src\setupTests.js">
          <metrics statements="1" coveredstatements="1" conditionals="0" coveredconditionals="0" methods="0" coveredmethods="0"/>
          <line num="4" count="1" type="stmt"/>
        </file>
      </package>
      <package name="src.components">
        <metrics statements="13" coveredstatements="13" conditionals="9" coveredconditionals="7" methods="3" coveredmethods="3"/>
        <file name="MyComponent.js" path="D:\Ression Class\React-TDD\src\components\MyComponent.js">
          <metrics statements="13" coveredstatements="13" conditionals="9" coveredconditionals="7" methods="3" coveredmethods="3"/>
          <line num="16" count="3" type="stmt"/>
          <line num="17" count="3" type="cond" truecount="2" falsecount="0"/>
          <line num="18" count="1" type="cond" truecount="1" falsecount="1"/>
          <line num="19" count="1" type="stmt"/>
          <line num="22" count="2" type="cond" truecount="4" falsecount="1"/>
          <line num="23" count="1" type="stmt"/>
          <line num="25" count="1" type="stmt"/>
          <line num="31" count="7" type="stmt"/>
          <line num="129" count="7" type="stmt"/>
          <line num="130" count="7" type="stmt"/>
          <line num="131" count="28" type="stmt"/>
          <line num="133" count="7" type="stmt"/>
          <line num="140" count="56" type="stmt"/>
        </file>
      </package>
    </metrics>
  </project>
</coverage>
