{"D:\\Ression Class\\React-TDD\\src\\setupTests.js": {"path":"D:\\Ression Class\\React-TDD\\src\\setupTests.js","statementMap":{"0":{"start":{"line":4,"column":0},"end":{"line":4,"column":38}}},"fnMap":{},"branchMap":{},"s":{"0":1},"f":{},"b":{},"_coverageSchema":"332fd63041d2c1bcb487cc26dd0d5f7d97098a6c","hash":"863026e26b812a82402a47feb26693b71b380351"}
,"D:\\Ression Class\\React-TDD\\src\\components\\MyComponent.js": {"path":"D:\\Ression Class\\React-TDD\\src\\components\\MyComponent.js","statementMap":{"0":{"start":{"line":16,"column":22},"end":{"line":16,"column":36}},"1":{"start":{"line":17,"column":4},"end":{"line":21,"column":5}},"2":{"start":{"line":18,"column":6},"end":{"line":20,"column":7}},"3":{"start":{"line":19,"column":8},"end":{"line":19,"column":48}},"4":{"start":{"line":22,"column":4},"end":{"line":24,"column":5}},"5":{"start":{"line":23,"column":6},"end":{"line":23,"column":48}},"6":{"start":{"line":25,"column":4},"end":{"line":25,"column":14}},"7":{"start":{"line":31,"column":19},"end":{"line":127,"column":5}},"8":{"start":{"line":129,"column":27},"end":{"line":129,"column":42}},"9":{"start":{"line":130,"column":4},"end":{"line":132,"column":5}},"10":{"start":{"line":131,"column":6},"end":{"line":131,"column":31}},"11":{"start":{"line":133,"column":4},"end":{"line":146,"column":8}},"12":{"start":{"line":140,"column":10},"end":{"line":142,"column":48}}},"fnMap":{"0":{"name":"(anonymous_0)","decl":{"start":{"line":15,"column":2},"end":{"line":15,"column":3}},"loc":{"start":{"line":15,"column":57},"end":{"line":27,"column":3}},"line":15},"1":{"name":"(anonymous_1)","decl":{"start":{"line":30,"column":2},"end":{"line":30,"column":3}},"loc":{"start":{"line":30,"column":11},"end":{"line":147,"column":3}},"line":30},"2":{"name":"(anonymous_2)","decl":{"start":{"line":139,"column":29},"end":{"line":139,"column":30}},"loc":{"start":{"line":140,"column":10},"end":{"line":142,"column":48}},"line":140}},"branchMap":{"0":{"loc":{"start":{"line":17,"column":4},"end":{"line":21,"column":5}},"type":"if","locations":[{"start":{"line":17,"column":4},"end":{"line":21,"column":5}},{"start":{"line":17,"column":4},"end":{"line":21,"column":5}}],"line":17},"1":{"loc":{"start":{"line":18,"column":6},"end":{"line":20,"column":7}},"type":"if","locations":[{"start":{"line":18,"column":6},"end":{"line":20,"column":7}},{"start":{"line":18,"column":6},"end":{"line":20,"column":7}}],"line":18},"2":{"loc":{"start":{"line":22,"column":4},"end":{"line":24,"column":5}},"type":"if","locations":[{"start":{"line":22,"column":4},"end":{"line":24,"column":5}},{"start":{"line":22,"column":4},"end":{"line":24,"column":5}}],"line":22},"3":{"loc":{"start":{"line":22,"column":8},"end":{"line":22,"column":58}},"type":"binary-expr","locations":[{"start":{"line":22,"column":8},"end":{"line":22,"column":24}},{"start":{"line":22,"column":29},"end":{"line":22,"column":41}},{"start":{"line":22,"column":45},"end":{"line":22,"column":57}}],"line":22}},"s":{"0":4,"1":4,"2":1,"3":1,"4":3,"5":2,"6":1,"7":8,"8":8,"9":8,"10":32,"11":8,"12":64},"f":{"0":4,"1":8,"2":64},"b":{"0":[1,3],"1":[1,0],"2":[2,1],"3":[3,2,1]},"_coverageSchema":"332fd63041d2c1bcb487cc26dd0d5f7d97098a6c","hash":"5576707dfe6e5f9e90dc6feac67c553d6443c812"}
}
